#
# A fatal error has been detected by the Java Runtime Environment:
#
#  Internal Error (generateOopMap.cpp:2164), pid=7487, tid=12803
#  fatal error: Illegal class file encountered. Try running with -Xverify:all in method main
#
# JRE version: Java(TM) SE Runtime Environment (11.0+28) (build 11+28)
# Java VM: Java HotSpot(TM) 64-Bit Server VM (11+28, mixed mode, tiered, compressed oops, g1 gc, bsd-amd64)
# No core dump will be written. Core dumps have been disabled. To enable core dumping, try "ulimit -c unlimited" before starting Java again
#
# If you would like to submit a bug report, please visit:
#   http://bugreport.java.com/bugreport/crash.jsp
#

---------------  S U M M A R Y ------------

Command Line: -agentlib:jdwp=transport=dt_socket,address=127.0.0.1:57582,suspend=y,server=n -javaagent:/Users/god_tm/Library/Caches/IntelliJIdea2018.2/captureAgent/debugger-agent.jar=file:/private/var/folders/ft/mltc1gwd2fs84xt9ktx5jbq80000gn/T/capture.props -Dfile.encoding=UTF-8 CodeForcesSolutions.Taxi158B

Host: MacBookPro14,2 x86_64 3100 MHz, 4 cores, 8G, Darwin 18.0.0
Time: Tue Mar 26 01:48:13 2019 +08 elapsed time: 1350 seconds (0d 0h 22m 30s)

---------------  T H R E A D  ---------------

Current thread (0x00007fdbcc8a4000):  VMThread "VM Thread" [stack: 0x000070000ae5b000,0x000070000af5b000] [id=12803]

Stack: [0x000070000ae5b000,0x000070000af5b000],  sp=0x000070000af59ef0,  free space=1019k
Native frames: (J=compiled Java code, A=aot compiled Java code, j=interpreted, Vv=VM code, C=native code)
V  [libjvm.dylib+0x751911]  VMError::report_and_die(int, char const*, char const*, __va_list_tag*, Thread*, unsigned char*, void*, void*, char const*, int, unsigned long)+0x5d1
V  [libjvm.dylib+0x751f9b]  VMError::report_and_die(Thread*, void*, char const*, int, char const*, char const*, __va_list_tag*)+0x47
V  [libjvm.dylib+0x2736a1]  report_fatal(char const*, int, char const*, ...)+0xb5
V  [libjvm.dylib+0x35c044]  GenerateOopMap::error_work(char const*, __va_list_tag*)+0xe8
V  [libjvm.dylib+0x359060]  GenerateOopMap::report_error(char const*, ...)+0x7c
V  [libjvm.dylib+0x359d90]  GenerateOopMap::interp_bb(BasicBlock*)+0x184
V  [libjvm.dylib+0x359a08]  GenerateOopMap::interp_all()+0x3c
V  [libjvm.dylib+0x3596b9]  GenerateOopMap::do_interpretation()+0x4b
V  [libjvm.dylib+0x35be73]  GenerateOopMap::compute_map(Thread*)+0x165
V  [libjvm.dylib+0x5f754e]  OopMapForCacheEntry::compute_map(Thread*)+0x54
V  [libjvm.dylib+0x5f7d24]  OopMapCacheEntry::fill(methodHandle const&, int)+0xac
V  [libjvm.dylib+0x5f864d]  OopMapCache::compute_one_oop_map(methodHandle const&, int, InterpreterOopMap*)+0x5d
V  [libjvm.dylib+0x5bd21e]  Method::mask_for(int, InterpreterOopMap*)+0x7e
V  [libjvm.dylib+0x4cfc10]  VM_GetOrSetLocal::doit()+0x48
V  [libjvm.dylib+0x75ae49]  VM_Operation::evaluate()+0xd5
V  [libjvm.dylib+0x75a460]  VMThread::evaluate_operation(VM_Operation*)+0x13a
V  [libjvm.dylib+0x759ead]  VMThread::loop()+0xed
V  [libjvm.dylib+0x759cd2]  VMThread::run()+0x76
V  [libjvm.dylib+0x600cb3]  thread_native_entry(Thread*)+0x135
C  [libsystem_pthread.dylib+0x333d]  _pthread_body+0x7e
C  [libsystem_pthread.dylib+0x62a7]  _pthread_start+0x46
C  [libsystem_pthread.dylib+0x2425]  thread_start+0xd

VM_Operation (0x000070000b7729b0): GetOrSetLocal, mode: safepoint, requested by thread 0x00007fdbcc808800


---------------  P R O C E S S  ---------------

Threads class SMR info:
_java_thread_list=0x00007fdbcb440710, length=12, elements={
0x00007fdbcc804000, 0x00007fdbcc8a8000, 0x00007fdbcc050000, 0x00007fdbcc8c8800,
0x00007fdbcb803800, 0x00007fdbcc8c9000, 0x00007fdbcd00b800, 0x00007fdbcc019800,
0x00007fdbcc808800, 0x00007fdbcd02b800, 0x00007fdbcd055800, 0x00007fdbcc092000
}

Java Threads: ( => current thread )
  0x00007fdbcc804000 JavaThread "main" [_thread_blocked, id=6403, stack(0x000070000a849000,0x000070000a949000)]
  0x00007fdbcc8a8000 JavaThread "Reference Handler" daemon [_thread_blocked, id=13571, stack(0x000070000af5e000,0x000070000b05e000)]
  0x00007fdbcc050000 JavaThread "Finalizer" daemon [_thread_blocked, id=18179, stack(0x000070000b061000,0x000070000b161000)]
  0x00007fdbcc8c8800 JavaThread "Signal Dispatcher" daemon [_thread_blocked, id=15363, stack(0x000070000b164000,0x000070000b264000)]
  0x00007fdbcb803800 JavaThread "C2 CompilerThread0" daemon [_thread_blocked, id=16387, stack(0x000070000b267000,0x000070000b367000)]
  0x00007fdbcc8c9000 JavaThread "C1 CompilerThread0" daemon [_thread_blocked, id=15875, stack(0x000070000b36a000,0x000070000b46a000)]
  0x00007fdbcd00b800 JavaThread "Sweeper thread" daemon [_thread_blocked, id=22275, stack(0x000070000b46d000,0x000070000b56d000)]
  0x00007fdbcc019800 JavaThread "Common-Cleaner" daemon [_thread_blocked, id=22787, stack(0x000070000b570000,0x000070000b670000)]
  0x00007fdbcc808800 JavaThread "JDWP Transport Listener: dt_socket" daemon [_thread_blocked, id=42755, stack(0x000070000b673000,0x000070000b773000)] _threads_hazard_ptr=0x00007fdbcb440710
  0x00007fdbcd02b800 JavaThread "JDWP Event Helper Thread" daemon [_thread_blocked, id=23555, stack(0x000070000b776000,0x000070000b876000)]
  0x00007fdbcd055800 JavaThread "JDWP Command Reader" daemon [_thread_in_native, id=24067, stack(0x000070000b879000,0x000070000b979000)]
  0x00007fdbcc092000 JavaThread "Service Thread" daemon [_thread_blocked, id=24323, stack(0x000070000b97c000,0x000070000ba7c000)]

Other Threads:
=>0x00007fdbcc8a4000 VMThread "VM Thread" [stack: 0x000070000ae5b000,0x000070000af5b000] [id=12803]
  0x00007fdbcc8b8800 WatcherThread [stack: 0x000070000ba7f000,0x000070000bb7f000] [id=24579]
  0x00007fdbcd001000 GCTaskThread "GC Thread#0" [stack: 0x000070000a94c000,0x000070000aa4c000] [id=20739]
  0x00007fdbcc842800 ConcurrentGCThread "G1 Main Marker" [stack: 0x000070000aa4f000,0x000070000ab4f000] [id=20227]
  0x00007fdbcd001800 ConcurrentGCThread "G1 Conc#0" [stack: 0x000070000ab52000,0x000070000ac52000] [id=11779]
  0x00007fdbcc893000 ConcurrentGCThread "G1 Refine#0" [stack: 0x000070000ac55000,0x000070000ad55000] [id=12035]
  0x00007fdbcd002800 ConcurrentGCThread "G1 Young RemSet Sampling" [stack: 0x000070000ad58000,0x000070000ae58000] [id=12291]

Threads with active compile tasks:

VM state:at safepoint (normal execution)

VM Mutex/Monitor currently owned by a thread:  ([mutex/lock_event])
[0x00007fdbcb606c80] Threads_lock - owner thread: 0x00007fdbcc8a4000

Heap address: 0x0000000780000000, size: 2048 MB, Compressed Oops mode: Zero based, Oop shift amount: 3
Narrow klass base: 0x0000000800000000, Narrow klass shift: 0
Compressed class space size: 1073741824 Address: 0x0000000800000000

Heap:
 garbage-first heap   total 131072K, used 3072K [0x0000000780000000, 0x0000000800000000)
  region size 1024K, 4 young (4096K), 0 survivors (0K)
 Metaspace       used 7277K, capacity 7367K, committed 7680K, reserved 1056768K
  class space    used 640K, capacity 690K, committed 768K, reserved 1048576K
Heap Regions: E=young(eden), S=young(survivor), O=old, HS=humongous(starts), HC=humongous(continues), CS=collection set, F=free, A=archive, TAMS=top-at-mark-start (previous, next)
|   0|0x0000000780000000, 0x0000000780000000, 0x0000000780100000|  0%| F|  |TAMS 0x0000000780000000, 0x0000000780000000| Untracked 
|   1|0x0000000780100000, 0x0000000780100000, 0x0000000780200000|  0%| F|  |TAMS 0x0000000780100000, 0x0000000780100000| Untracked 
|   2|0x0000000780200000, 0x0000000780200000, 0x0000000780300000|  0%| F|  |TAMS 0x0000000780200000, 0x0000000780200000| Untracked 
|   3|0x0000000780300000, 0x0000000780300000, 0x0000000780400000|  0%| F|  |TAMS 0x0000000780300000, 0x0000000780300000| Untracked 
|   4|0x0000000780400000, 0x0000000780400000, 0x0000000780500000|  0%| F|  |TAMS 0x0000000780400000, 0x0000000780400000| Untracked 
|   5|0x0000000780500000, 0x0000000780500000, 0x0000000780600000|  0%| F|  |TAMS 0x0000000780500000, 0x0000000780500000| Untracked 
|   6|0x0000000780600000, 0x0000000780600000, 0x0000000780700000|  0%| F|  |TAMS 0x0000000780600000, 0x0000000780600000| Untracked 
|   7|0x0000000780700000, 0x0000000780700000, 0x0000000780800000|  0%| F|  |TAMS 0x0000000780700000, 0x0000000780700000| Untracked 
|   8|0x0000000780800000, 0x0000000780800000, 0x0000000780900000|  0%| F|  |TAMS 0x0000000780800000, 0x0000000780800000| Untracked 
|   9|0x0000000780900000, 0x0000000780900000, 0x0000000780a00000|  0%| F|  |TAMS 0x0000000780900000, 0x0000000780900000| Untracked 
|  10|0x0000000780a00000, 0x0000000780a00000, 0x0000000780b00000|  0%| F|  |TAMS 0x0000000780a00000, 0x0000000780a00000| Untracked 
|  11|0x0000000780b00000, 0x0000000780b00000, 0x0000000780c00000|  0%| F|  |TAMS 0x0000000780b00000, 0x0000000780b00000| Untracked 
|  12|0x0000000780c00000, 0x0000000780c00000, 0x0000000780d00000|  0%| F|  |TAMS 0x0000000780c00000, 0x0000000780c00000| Untracked 
|  13|0x0000000780d00000, 0x0000000780d00000, 0x0000000780e00000|  0%| F|  |TAMS 0x0000000780d00000, 0x0000000780d00000| Untracked 
|  14|0x0000000780e00000, 0x0000000780e00000, 0x0000000780f00000|  0%| F|  |TAMS 0x0000000780e00000, 0x0000000780e00000| Untracked 
|  15|0x0000000780f00000, 0x0000000780f00000, 0x0000000781000000|  0%| F|  |TAMS 0x0000000780f00000, 0x0000000780f00000| Untracked 
|  16|0x0000000781000000, 0x0000000781000000, 0x0000000781100000|  0%| F|  |TAMS 0x0000000781000000, 0x0000000781000000| Untracked 
|  17|0x0000000781100000, 0x0000000781100000, 0x0000000781200000|  0%| F|  |TAMS 0x0000000781100000, 0x0000000781100000| Untracked 
|  18|0x0000000781200000, 0x0000000781200000, 0x0000000781300000|  0%| F|  |TAMS 0x0000000781200000, 0x0000000781200000| Untracked 
|  19|0x0000000781300000, 0x0000000781300000, 0x0000000781400000|  0%| F|  |TAMS 0x0000000781300000, 0x0000000781300000| Untracked 
|  20|0x0000000781400000, 0x0000000781400000, 0x0000000781500000|  0%| F|  |TAMS 0x0000000781400000, 0x0000000781400000| Untracked 
|  21|0x0000000781500000, 0x0000000781500000, 0x0000000781600000|  0%| F|  |TAMS 0x0000000781500000, 0x0000000781500000| Untracked 
|  22|0x0000000781600000, 0x0000000781600000, 0x0000000781700000|  0%| F|  |TAMS 0x0000000781600000, 0x0000000781600000| Untracked 
|  23|0x0000000781700000, 0x0000000781700000, 0x0000000781800000|  0%| F|  |TAMS 0x0000000781700000, 0x0000000781700000| Untracked 
|  24|0x0000000781800000, 0x0000000781800000, 0x0000000781900000|  0%| F|  |TAMS 0x0000000781800000, 0x0000000781800000| Untracked 
|  25|0x0000000781900000, 0x0000000781900000, 0x0000000781a00000|  0%| F|  |TAMS 0x0000000781900000, 0x0000000781900000| Untracked 
|  26|0x0000000781a00000, 0x0000000781a00000, 0x0000000781b00000|  0%| F|  |TAMS 0x0000000781a00000, 0x0000000781a00000| Untracked 
|  27|0x0000000781b00000, 0x0000000781b00000, 0x0000000781c00000|  0%| F|  |TAMS 0x0000000781b00000, 0x0000000781b00000| Untracked 
|  28|0x0000000781c00000, 0x0000000781c00000, 0x0000000781d00000|  0%| F|  |TAMS 0x0000000781c00000, 0x0000000781c00000| Untracked 
|  29|0x0000000781d00000, 0x0000000781d00000, 0x0000000781e00000|  0%| F|  |TAMS 0x0000000781d00000, 0x0000000781d00000| Untracked 
|  30|0x0000000781e00000, 0x0000000781e00000, 0x0000000781f00000|  0%| F|  |TAMS 0x0000000781e00000, 0x0000000781e00000| Untracked 
|  31|0x0000000781f00000, 0x0000000781f00000, 0x0000000782000000|  0%| F|  |TAMS 0x0000000781f00000, 0x0000000781f00000| Untracked 
|  32|0x0000000782000000, 0x0000000782000000, 0x0000000782100000|  0%| F|  |TAMS 0x0000000782000000, 0x0000000782000000| Untracked 
|  33|0x0000000782100000, 0x0000000782100000, 0x0000000782200000|  0%| F|  |TAMS 0x0000000782100000, 0x0000000782100000| Untracked 
|  34|0x0000000782200000, 0x0000000782200000, 0x0000000782300000|  0%| F|  |TAMS 0x0000000782200000, 0x0000000782200000| Untracked 
|  35|0x0000000782300000, 0x0000000782300000, 0x0000000782400000|  0%| F|  |TAMS 0x0000000782300000, 0x0000000782300000| Untracked 
|  36|0x0000000782400000, 0x0000000782400000, 0x0000000782500000|  0%| F|  |TAMS 0x0000000782400000, 0x0000000782400000| Untracked 
|  37|0x0000000782500000, 0x0000000782500000, 0x0000000782600000|  0%| F|  |TAMS 0x0000000782500000, 0x0000000782500000| Untracked 
|  38|0x0000000782600000, 0x0000000782600000, 0x0000000782700000|  0%| F|  |TAMS 0x0000000782600000, 0x0000000782600000| Untracked 
|  39|0x0000000782700000, 0x0000000782700000, 0x0000000782800000|  0%| F|  |TAMS 0x0000000782700000, 0x0000000782700000| Untracked 
|  40|0x0000000782800000, 0x0000000782800000, 0x0000000782900000|  0%| F|  |TAMS 0x0000000782800000, 0x0000000782800000| Untracked 
|  41|0x0000000782900000, 0x0000000782900000, 0x0000000782a00000|  0%| F|  |TAMS 0x0000000782900000, 0x0000000782900000| Untracked 
|  42|0x0000000782a00000, 0x0000000782a00000, 0x0000000782b00000|  0%| F|  |TAMS 0x0000000782a00000, 0x0000000782a00000| Untracked 
|  43|0x0000000782b00000, 0x0000000782b00000, 0x0000000782c00000|  0%| F|  |TAMS 0x0000000782b00000, 0x0000000782b00000| Untracked 
|  44|0x0000000782c00000, 0x0000000782c00000, 0x0000000782d00000|  0%| F|  |TAMS 0x0000000782c00000, 0x0000000782c00000| Untracked 
|  45|0x0000000782d00000, 0x0000000782d00000, 0x0000000782e00000|  0%| F|  |TAMS 0x0000000782d00000, 0x0000000782d00000| Untracked 
|  46|0x0000000782e00000, 0x0000000782e00000, 0x0000000782f00000|  0%| F|  |TAMS 0x0000000782e00000, 0x0000000782e00000| Untracked 
|  47|0x0000000782f00000, 0x0000000782f00000, 0x0000000783000000|  0%| F|  |TAMS 0x0000000782f00000, 0x0000000782f00000| Untracked 
|  48|0x0000000783000000, 0x0000000783000000, 0x0000000783100000|  0%| F|  |TAMS 0x0000000783000000, 0x0000000783000000| Untracked 
|  49|0x0000000783100000, 0x0000000783100000, 0x0000000783200000|  0%| F|  |TAMS 0x0000000783100000, 0x0000000783100000| Untracked 
|  50|0x0000000783200000, 0x0000000783200000, 0x0000000783300000|  0%| F|  |TAMS 0x0000000783200000, 0x0000000783200000| Untracked 
|  51|0x0000000783300000, 0x0000000783300000, 0x0000000783400000|  0%| F|  |TAMS 0x0000000783300000, 0x0000000783300000| Untracked 
|  52|0x0000000783400000, 0x0000000783400000, 0x0000000783500000|  0%| F|  |TAMS 0x0000000783400000, 0x0000000783400000| Untracked 
|  53|0x0000000783500000, 0x0000000783500000, 0x0000000783600000|  0%| F|  |TAMS 0x0000000783500000, 0x0000000783500000| Untracked 
|  54|0x0000000783600000, 0x0000000783600000, 0x0000000783700000|  0%| F|  |TAMS 0x0000000783600000, 0x0000000783600000| Untracked 
|  55|0x0000000783700000, 0x0000000783700000, 0x0000000783800000|  0%| F|  |TAMS 0x0000000783700000, 0x0000000783700000| Untracked 
|  56|0x0000000783800000, 0x0000000783800000, 0x0000000783900000|  0%| F|  |TAMS 0x0000000783800000, 0x0000000783800000| Untracked 
|  57|0x0000000783900000, 0x0000000783900000, 0x0000000783a00000|  0%| F|  |TAMS 0x0000000783900000, 0x0000000783900000| Untracked 
|  58|0x0000000783a00000, 0x0000000783a00000, 0x0000000783b00000|  0%| F|  |TAMS 0x0000000783a00000, 0x0000000783a00000| Untracked 
|  59|0x0000000783b00000, 0x0000000783b00000, 0x0000000783c00000|  0%| F|  |TAMS 0x0000000783b00000, 0x0000000783b00000| Untracked 
|  60|0x0000000783c00000, 0x0000000783c00000, 0x0000000783d00000|  0%| F|  |TAMS 0x0000000783c00000, 0x0000000783c00000| Untracked 
|  61|0x0000000783d00000, 0x0000000783d00000, 0x0000000783e00000|  0%| F|  |TAMS 0x0000000783d00000, 0x0000000783d00000| Untracked 
|  62|0x0000000783e00000, 0x0000000783e00000, 0x0000000783f00000|  0%| F|  |TAMS 0x0000000783e00000, 0x0000000783e00000| Untracked 
|  63|0x0000000783f00000, 0x0000000783f00000, 0x0000000784000000|  0%| F|  |TAMS 0x0000000783f00000, 0x0000000783f00000| Untracked 
|  64|0x0000000784000000, 0x0000000784000000, 0x0000000784100000|  0%| F|  |TAMS 0x0000000784000000, 0x0000000784000000| Untracked 
|  65|0x0000000784100000, 0x0000000784100000, 0x0000000784200000|  0%| F|  |TAMS 0x0000000784100000, 0x0000000784100000| Untracked 
|  66|0x0000000784200000, 0x0000000784200000, 0x0000000784300000|  0%| F|  |TAMS 0x0000000784200000, 0x0000000784200000| Untracked 
|  67|0x0000000784300000, 0x0000000784300000, 0x0000000784400000|  0%| F|  |TAMS 0x0000000784300000, 0x0000000784300000| Untracked 
|  68|0x0000000784400000, 0x0000000784400000, 0x0000000784500000|  0%| F|  |TAMS 0x0000000784400000, 0x0000000784400000| Untracked 
|  69|0x0000000784500000, 0x0000000784500000, 0x0000000784600000|  0%| F|  |TAMS 0x0000000784500000, 0x0000000784500000| Untracked 
|  70|0x0000000784600000, 0x0000000784600000, 0x0000000784700000|  0%| F|  |TAMS 0x0000000784600000, 0x0000000784600000| Untracked 
|  71|0x0000000784700000, 0x0000000784700000, 0x0000000784800000|  0%| F|  |TAMS 0x0000000784700000, 0x0000000784700000| Untracked 
|  72|0x0000000784800000, 0x0000000784800000, 0x0000000784900000|  0%| F|  |TAMS 0x0000000784800000, 0x0000000784800000| Untracked 
|  73|0x0000000784900000, 0x0000000784900000, 0x0000000784a00000|  0%| F|  |TAMS 0x0000000784900000, 0x0000000784900000| Untracked 
|  74|0x0000000784a00000, 0x0000000784a00000, 0x0000000784b00000|  0%| F|  |TAMS 0x0000000784a00000, 0x0000000784a00000| Untracked 
|  75|0x0000000784b00000, 0x0000000784b00000, 0x0000000784c00000|  0%| F|  |TAMS 0x0000000784b00000, 0x0000000784b00000| Untracked 
|  76|0x0000000784c00000, 0x0000000784c00000, 0x0000000784d00000|  0%| F|  |TAMS 0x0000000784c00000, 0x0000000784c00000| Untracked 
|  77|0x0000000784d00000, 0x0000000784d00000, 0x0000000784e00000|  0%| F|  |TAMS 0x0000000784d00000, 0x0000000784d00000| Untracked 
|  78|0x0000000784e00000, 0x0000000784e00000, 0x0000000784f00000|  0%| F|  |TAMS 0x0000000784e00000, 0x0000000784e00000| Untracked 
|  79|0x0000000784f00000, 0x0000000784f00000, 0x0000000785000000|  0%| F|  |TAMS 0x0000000784f00000, 0x0000000784f00000| Untracked 
|  80|0x0000000785000000, 0x0000000785000000, 0x0000000785100000|  0%| F|  |TAMS 0x0000000785000000, 0x0000000785000000| Untracked 
|  81|0x0000000785100000, 0x0000000785100000, 0x0000000785200000|  0%| F|  |TAMS 0x0000000785100000, 0x0000000785100000| Untracked 
|  82|0x0000000785200000, 0x0000000785200000, 0x0000000785300000|  0%| F|  |TAMS 0x0000000785200000, 0x0000000785200000| Untracked 
|  83|0x0000000785300000, 0x0000000785300000, 0x0000000785400000|  0%| F|  |TAMS 0x0000000785300000, 0x0000000785300000| Untracked 
|  84|0x0000000785400000, 0x0000000785400000, 0x0000000785500000|  0%| F|  |TAMS 0x0000000785400000, 0x0000000785400000| Untracked 
|  85|0x0000000785500000, 0x0000000785500000, 0x0000000785600000|  0%| F|  |TAMS 0x0000000785500000, 0x0000000785500000| Untracked 
|  86|0x0000000785600000, 0x0000000785600000, 0x0000000785700000|  0%| F|  |TAMS 0x0000000785600000, 0x0000000785600000| Untracked 
|  87|0x0000000785700000, 0x0000000785700000, 0x0000000785800000|  0%| F|  |TAMS 0x0000000785700000, 0x0000000785700000| Untracked 
|  88|0x0000000785800000, 0x0000000785800000, 0x0000000785900000|  0%| F|  |TAMS 0x0000000785800000, 0x0000000785800000| Untracked 
|  89|0x0000000785900000, 0x0000000785900000, 0x0000000785a00000|  0%| F|  |TAMS 0x0000000785900000, 0x0000000785900000| Untracked 
|  90|0x0000000785a00000, 0x0000000785a00000, 0x0000000785b00000|  0%| F|  |TAMS 0x0000000785a00000, 0x0000000785a00000| Untracked 
|  91|0x0000000785b00000, 0x0000000785b00000, 0x0000000785c00000|  0%| F|  |TAMS 0x0000000785b00000, 0x0000000785b00000| Untracked 
|  92|0x0000000785c00000, 0x0000000785c00000, 0x0000000785d00000|  0%| F|  |TAMS 0x0000000785c00000, 0x0000000785c00000| Untracked 
|  93|0x0000000785d00000, 0x0000000785d00000, 0x0000000785e00000|  0%| F|  |TAMS 0x0000000785d00000, 0x0000000785d00000| Untracked 
|  94|0x0000000785e00000, 0x0000000785e00000, 0x0000000785f00000|  0%| F|  |TAMS 0x0000000785e00000, 0x0000000785e00000| Untracked 
|  95|0x0000000785f00000, 0x0000000785f00000, 0x0000000786000000|  0%| F|  |TAMS 0x0000000785f00000, 0x0000000785f00000| Untracked 
|  96|0x0000000786000000, 0x0000000786000000, 0x0000000786100000|  0%| F|  |TAMS 0x0000000786000000, 0x0000000786000000| Untracked 
|  97|0x0000000786100000, 0x0000000786100000, 0x0000000786200000|  0%| F|  |TAMS 0x0000000786100000, 0x0000000786100000| Untracked 
|  98|0x0000000786200000, 0x0000000786200000, 0x0000000786300000|  0%| F|  |TAMS 0x0000000786200000, 0x0000000786200000| Untracked 
|  99|0x0000000786300000, 0x0000000786300000, 0x0000000786400000|  0%| F|  |TAMS 0x0000000786300000, 0x0000000786300000| Untracked 
| 100|0x0000000786400000, 0x0000000786400000, 0x0000000786500000|  0%| F|  |TAMS 0x0000000786400000, 0x0000000786400000| Untracked 
| 101|0x0000000786500000, 0x0000000786500000, 0x0000000786600000|  0%| F|  |TAMS 0x0000000786500000, 0x0000000786500000| Untracked 
| 102|0x0000000786600000, 0x0000000786600000, 0x0000000786700000|  0%| F|  |TAMS 0x0000000786600000, 0x0000000786600000| Untracked 
| 103|0x0000000786700000, 0x0000000786700000, 0x0000000786800000|  0%| F|  |TAMS 0x0000000786700000, 0x0000000786700000| Untracked 
| 104|0x0000000786800000, 0x0000000786800000, 0x0000000786900000|  0%| F|  |TAMS 0x0000000786800000, 0x0000000786800000| Untracked 
| 105|0x0000000786900000, 0x0000000786900000, 0x0000000786a00000|  0%| F|  |TAMS 0x0000000786900000, 0x0000000786900000| Untracked 
| 106|0x0000000786a00000, 0x0000000786a00000, 0x0000000786b00000|  0%| F|  |TAMS 0x0000000786a00000, 0x0000000786a00000| Untracked 
| 107|0x0000000786b00000, 0x0000000786b00000, 0x0000000786c00000|  0%| F|  |TAMS 0x0000000786b00000, 0x0000000786b00000| Untracked 
| 108|0x0000000786c00000, 0x0000000786c00000, 0x0000000786d00000|  0%| F|  |TAMS 0x0000000786c00000, 0x0000000786c00000| Untracked 
| 109|0x0000000786d00000, 0x0000000786d00000, 0x0000000786e00000|  0%| F|  |TAMS 0x0000000786d00000, 0x0000000786d00000| Untracked 
| 110|0x0000000786e00000, 0x0000000786e00000, 0x0000000786f00000|  0%| F|  |TAMS 0x0000000786e00000, 0x0000000786e00000| Untracked 
| 111|0x0000000786f00000, 0x0000000786f00000, 0x0000000787000000|  0%| F|  |TAMS 0x0000000786f00000, 0x0000000786f00000| Untracked 
| 112|0x0000000787000000, 0x0000000787000000, 0x0000000787100000|  0%| F|  |TAMS 0x0000000787000000, 0x0000000787000000| Untracked 
| 113|0x0000000787100000, 0x0000000787100000, 0x0000000787200000|  0%| F|  |TAMS 0x0000000787100000, 0x0000000787100000| Untracked 
| 114|0x0000000787200000, 0x0000000787200000, 0x0000000787300000|  0%| F|  |TAMS 0x0000000787200000, 0x0000000787200000| Untracked 
| 115|0x0000000787300000, 0x0000000787300000, 0x0000000787400000|  0%| F|  |TAMS 0x0000000787300000, 0x0000000787300000| Untracked 
| 116|0x0000000787400000, 0x0000000787400000, 0x0000000787500000|  0%| F|  |TAMS 0x0000000787400000, 0x0000000787400000| Untracked 
| 117|0x0000000787500000, 0x0000000787500000, 0x0000000787600000|  0%| F|  |TAMS 0x0000000787500000, 0x0000000787500000| Untracked 
| 118|0x0000000787600000, 0x0000000787600000, 0x0000000787700000|  0%| F|  |TAMS 0x0000000787600000, 0x0000000787600000| Untracked 
| 119|0x0000000787700000, 0x0000000787700000, 0x0000000787800000|  0%| F|  |TAMS 0x0000000787700000, 0x0000000787700000| Untracked 
| 120|0x0000000787800000, 0x0000000787800000, 0x0000000787900000|  0%| F|  |TAMS 0x0000000787800000, 0x0000000787800000| Untracked 
| 121|0x0000000787900000, 0x0000000787900000, 0x0000000787a00000|  0%| F|  |TAMS 0x0000000787900000, 0x0000000787900000| Untracked 
| 122|0x0000000787a00000, 0x0000000787a00000, 0x0000000787b00000|  0%| F|  |TAMS 0x0000000787a00000, 0x0000000787a00000| Untracked 
| 123|0x0000000787b00000, 0x0000000787b00000, 0x0000000787c00000|  0%| F|  |TAMS 0x0000000787b00000, 0x0000000787b00000| Untracked 
| 124|0x0000000787c00000, 0x0000000787c9cef8, 0x0000000787d00000| 61%| E|  |TAMS 0x0000000787c00000, 0x0000000787c00000| Complete 
| 125|0x0000000787d00000, 0x0000000787e00000, 0x0000000787e00000|100%| E|CS|TAMS 0x0000000787d00000, 0x0000000787d00000| Complete 
| 126|0x0000000787e00000, 0x0000000787f00000, 0x0000000787f00000|100%| E|CS|TAMS 0x0000000787e00000, 0x0000000787e00000| Complete 
| 127|0x0000000787f00000, 0x0000000788000000, 0x0000000788000000|100%| E|CS|TAMS 0x0000000787f00000, 0x0000000787f00000| Complete 

Card table byte_map: [0x000000010ae5a000,0x000000010b25a000] _byte_map_base: 0x000000010725a000

Marking Bits (Prev, Next): (CMBitMap*) 0x00007fdbcc839e18, (CMBitMap*) 0x00007fdbcc839e50
 Prev Bits: [0x000000010b65a000, 0x000000010d65a000)
 Next Bits: [0x000000010d65a000, 0x000000010f65a000)

Polling page: 0x0000000109b90000

Metaspace:

Usage:
  Non-class:      6.52 MB capacity,     6.48 MB (>99%) used,    33.41 KB ( <1%) free+waste,     6.50 KB ( <1%) overhead. 
      Class:    690.00 KB capacity,   640.66 KB ( 93%) used,    46.28 KB (  7%) free+waste,     3.06 KB ( <1%) overhead. 
       Both:      7.19 MB capacity,     7.11 MB ( 99%) used,    79.70 KB (  1%) free+waste,     9.56 KB ( <1%) overhead. 

Virtual space:
  Non-class space:        8.00 MB reserved,       6.75 MB ( 84%) committed 
      Class space:        1.00 GB reserved,     768.00 KB ( <1%) committed 
             Both:        1.01 GB reserved,       7.50 MB ( <1%) committed 

Chunk freelists:
   Non-Class:  5.88 KB
       Class:  1.75 KB
        Both:  7.62 KB

CodeHeap 'non-profiled nmethods': size=120032Kb used=83Kb max_used=83Kb free=119949Kb
 bounds [0x0000000120bdd000, 0x0000000120e4d000, 0x0000000128115000]
CodeHeap 'profiled nmethods': size=120032Kb used=325Kb max_used=325Kb free=119707Kb
 bounds [0x00000001196a5000, 0x0000000119915000, 0x0000000120bdd000]
CodeHeap 'non-nmethods': size=5696Kb used=1116Kb max_used=1127Kb free=4579Kb
 bounds [0x0000000119115000, 0x0000000119385000, 0x00000001196a5000]
 total_blobs=673 nmethods=260 adapters=259
 compilation: enabled
              stopped_count=0, restarted_count=0
 full_count=0

Compilation events (10 events):
Event: 0.405 Thread 0x00007fdbcc8c9000  248       3       java.lang.Object::equals (11 bytes)
Event: 0.406 Thread 0x00007fdbcc8c9000 nmethod 248 0x00000001196f5710 code [0x00000001196f58c0, 0x00000001196f5a70]
Event: 0.406 Thread 0x00007fdbcc8c9000  255       1       java.lang.invoke.MethodHandles$Lookup::lookupClass (5 bytes)
Event: 0.406 Thread 0x00007fdbcc8c9000 nmethod 255 0x0000000120bf1510 code [0x0000000120bf16c0, 0x0000000120bf17d0]
Event: 0.406 Thread 0x00007fdbcc8c9000  258       1       java.nio.Buffer::position (5 bytes)
Event: 0.406 Thread 0x00007fdbcc8c9000 nmethod 258 0x0000000120bf1890 code [0x0000000120bf1a40, 0x0000000120bf1b50]
Event: 1.990 Thread 0x00007fdbcc8c9000  259       3       java.lang.StringUTF16::putChar (54 bytes)
Event: 1.990 Thread 0x00007fdbcc8c9000 nmethod 259 0x00000001196f5b10 code [0x00000001196f5cc0, 0x00000001196f5e50]
Event: 1.990 Thread 0x00007fdbcc8c9000  260       3       java.lang.StringUTF16::getChar (60 bytes)
Event: 1.990 Thread 0x00007fdbcc8c9000 nmethod 260 0x00000001196f5f90 code [0x00000001196f6140, 0x00000001196f62f0]

GC Heap History (0 events):
No events

Deoptimization events (2 events):
Event: 0.399 Thread 0x00007fdbcc804000 Uncommon trap: reason=unstable_if action=reinterpret pc=0x0000000120be9ef4 method=java.lang.String.isLatin1()Z @ 10 c2
Event: 0.401 Thread 0x00007fdbcc804000 Uncommon trap: reason=unstable_if action=reinterpret pc=0x0000000120beb47c method=java.lang.String.isLatin1()Z @ 10 c2

Classes redefined (3 events):
Event: 362.224 Thread 0x00007fdbcc8a4000 redefined class name=CodeForcesSolutions.Taxi158B, count=1
Event: 544.590 Thread 0x00007fdbcc8a4000 redefined class name=CodeForcesSolutions.Taxi158B, count=2
Event: 1350.030 Thread 0x00007fdbcc8a4000 redefined class name=CodeForcesSolutions.Taxi158B, count=3

Internal exceptions (1 events):
Event: 0.334 Thread 0x00007fdbcc804000 Exception <a 'java/lang/NoSuchMethodError'{0x0000000787d864c8}: java.lang.invoke.DirectMethodHandle$Holder.invokeSpecialIFC(Ljava/lang/Object;Ljava/lang/Object;I)I> (0x0000000787d864c8) thrown at [/scratch/mesos/slaves/f5d4240b-1894-49b4-ad04-65c41ed356a6

Events (10 events):
Event: 1350.069 Executing VM operation: ChangeBreakpoints done
Event: 1350.073 Executing VM operation: ChangeBreakpoints
Event: 1350.073 Executing VM operation: ChangeBreakpoints done
Event: 1350.077 Executing VM operation: ChangeBreakpoints
Event: 1350.077 Executing VM operation: ChangeBreakpoints done
Event: 1350.080 Executing VM operation: ChangeBreakpoints
Event: 1350.080 Executing VM operation: ChangeBreakpoints done
Event: 1350.084 Executing VM operation: ChangeBreakpoints
Event: 1350.084 Executing VM operation: ChangeBreakpoints done
Event: 1350.088 Executing VM operation: GetOrSetLocal


Dynamic libraries:
0x00007fff378ae000 	/System/Library/Frameworks/Cocoa.framework/Versions/A/Cocoa
0x00007fff43b2e000 	/System/Library/Frameworks/Security.framework/Versions/A/Security
0x00007fff364b8000 	/System/Library/Frameworks/ApplicationServices.framework/Versions/A/ApplicationServices
0x00007fff64fa4000 	/usr/lib/libz.1.dylib
0x00007fff6261a000 	/usr/lib/libSystem.B.dylib
0x00007fff380d0000 	/System/Library/Frameworks/CoreFoundation.framework/Versions/A/CoreFoundation
0x00007fff3a44f000 	/System/Library/Frameworks/Foundation.framework/Versions/C/Foundation
0x00007fff640c1000 	/usr/lib/libobjc.A.dylib
0x00007fff35647000 	/System/Library/Frameworks/AppKit.framework/Versions/C/AppKit
0x00007fff37c45000 	/System/Library/Frameworks/CoreData.framework/Versions/A/CoreData
0x00007fff5b80c000 	/System/Library/PrivateFrameworks/RemoteViewServices.framework/Versions/A/RemoteViewServices
0x00007fff602f5000 	/System/Library/PrivateFrameworks/UIFoundation.framework/Versions/A/UIFoundation
0x00007fff61aa1000 	/System/Library/PrivateFrameworks/XCTTargetBootstrap.framework/Versions/A/XCTTargetBootstrap
0x00007fff56366000 	/System/Library/PrivateFrameworks/IconServices.framework/Versions/A/IconServices
0x00007fff3ccf4000 	/System/Library/Frameworks/Metal.framework/Versions/A/Metal
0x00007fff4d5f8000 	/System/Library/PrivateFrameworks/DesktopServicesPriv.framework/Versions/A/DesktopServicesPriv
0x00007fff633d5000 	/usr/lib/libenergytrace.dylib
0x00007fff5e06e000 	/System/Library/PrivateFrameworks/SkyLight.framework/Versions/A/SkyLight
0x00007fff38521000 	/System/Library/Frameworks/CoreGraphics.framework/Versions/A/CoreGraphics
0x00007fff34402000 	/System/Library/Frameworks/Accelerate.framework/Versions/A/Accelerate
0x00007fff3abd5000 	/System/Library/Frameworks/IOSurface.framework/Versions/A/IOSurface
0x00007fff4d45a000 	/System/Library/PrivateFrameworks/DFRFoundation.framework/Versions/A/DFRFoundation
0x00007fff369bd000 	/System/Library/Frameworks/AudioToolbox.framework/Versions/A/AudioToolbox
0x00007fff36c5b000 	/System/Library/Frameworks/AudioUnit.framework/Versions/A/AudioUnit
0x00007fff4d4f1000 	/System/Library/PrivateFrameworks/DataDetectorsCore.framework/Versions/A/DataDetectorsCore
0x00007fff3739a000 	/System/Library/Frameworks/Carbon.framework/Versions/A/Frameworks/HIToolbox.framework/Versions/A/HIToolbox
0x00007fff63530000 	/usr/lib/libicucore.A.dylib
0x00007fff4308a000 	/System/Library/Frameworks/QuartzCore.framework/Versions/A/QuartzCore
0x00007fff37781000 	/System/Library/Frameworks/Carbon.framework/Versions/A/Frameworks/SpeechRecognition.framework/Versions/A/SpeechRecognition
0x00007fff6277d000 	/usr/lib/libauto.dylib
0x00007fff64e97000 	/usr/lib/libxml2.2.dylib
0x00007fff4d05f000 	/System/Library/PrivateFrameworks/CoreUI.framework/Versions/A/CoreUI
0x00007fff37b23000 	/System/Library/Frameworks/CoreAudio.framework/Versions/A/CoreAudio
0x00007fff3a281000 	/System/Library/Frameworks/DiskArbitration.framework/Versions/A/DiskArbitration
0x00007fff637e0000 	/usr/lib/liblangid.dylib
0x00007fff57811000 	/System/Library/PrivateFrameworks/MultitouchSupport.framework/Versions/A/MultitouchSupport
0x00007fff3ab42000 	/System/Library/Frameworks/IOKit.framework/Versions/A/IOKit
0x00007fff62268000 	/usr/lib/libDiagnosticMessagesClient.dylib
0x00007fff3938c000 	/System/Library/Frameworks/CoreServices.framework/Versions/A/CoreServices
0x00007fff5953b000 	/System/Library/PrivateFrameworks/PerformanceAnalysis.framework/Versions/A/PerformanceAnalysis
0x00007fff4221f000 	/System/Library/Frameworks/OpenGL.framework/Versions/A/OpenGL
0x00007fff378bc000 	/System/Library/Frameworks/ColorSync.framework/Versions/A/ColorSync
0x00007fff38bb0000 	/System/Library/Frameworks/CoreImage.framework/Versions/A/CoreImage
0x00007fff39dca000 	/System/Library/Frameworks/CoreText.framework/Versions/A/CoreText
0x00007fff3ac36000 	/System/Library/Frameworks/ImageIO.framework/Versions/A/ImageIO
0x00007fff496d5000 	/System/Library/PrivateFrameworks/Backup.framework/Versions/A/Backup
0x00007fff626d0000 	/usr/lib/libarchive.2.dylib
0x00007fff36fbf000 	/System/Library/Frameworks/CFNetwork.framework/Versions/A/CFNetwork
0x00007fff442d7000 	/System/Library/Frameworks/SystemConfiguration.framework/Versions/A/SystemConfiguration
0x00007fff62191000 	/usr/lib/libCRFSuite.dylib
0x00007fff62875000 	/usr/lib/libc++.1.dylib
0x00007fff628cd000 	/usr/lib/libc++abi.dylib
0x00007fff65027000 	/usr/lib/system/libcache.dylib
0x00007fff6502c000 	/usr/lib/system/libcommonCrypto.dylib
0x00007fff65037000 	/usr/lib/system/libcompiler_rt.dylib
0x00007fff6503f000 	/usr/lib/system/libcopyfile.dylib
0x00007fff65049000 	/usr/lib/system/libcorecrypto.dylib
0x00007fff65153000 	/usr/lib/system/libdispatch.dylib
0x00007fff6518e000 	/usr/lib/system/libdyld.dylib
0x00007fff651be000 	/usr/lib/system/libkeymgr.dylib
0x00007fff651cc000 	/usr/lib/system/liblaunch.dylib
0x00007fff651cd000 	/usr/lib/system/libmacho.dylib
0x00007fff651d3000 	/usr/lib/system/libquarantine.dylib
0x00007fff651d6000 	/usr/lib/system/libremovefile.dylib
0x00007fff651d8000 	/usr/lib/system/libsystem_asl.dylib
0x00007fff651f0000 	/usr/lib/system/libsystem_blocks.dylib
0x00007fff651f1000 	/usr/lib/system/libsystem_c.dylib
0x00007fff6527a000 	/usr/lib/system/libsystem_configuration.dylib
0x00007fff6527e000 	/usr/lib/system/libsystem_coreservices.dylib
0x00007fff65282000 	/usr/lib/system/libsystem_darwin.dylib
0x00007fff65289000 	/usr/lib/system/libsystem_dnssd.dylib
0x00007fff65290000 	/usr/lib/system/libsystem_info.dylib
0x00007fff65305000 	/usr/lib/system/libsystem_m.dylib
0x00007fff65351000 	/usr/lib/system/libsystem_malloc.dylib
0x00007fff65376000 	/usr/lib/system/libsystem_networkextension.dylib
0x00007fff65382000 	/usr/lib/system/libsystem_notify.dylib
0x00007fff6539f000 	/usr/lib/system/libsystem_sandbox.dylib
0x00007fff653a3000 	/usr/lib/system/libsystem_secinit.dylib
0x00007fff652dd000 	/usr/lib/system/libsystem_kernel.dylib
0x00007fff6538a000 	/usr/lib/system/libsystem_platform.dylib
0x00007fff65394000 	/usr/lib/system/libsystem_pthread.dylib
0x00007fff653a6000 	/usr/lib/system/libsystem_symptoms.dylib
0x00007fff653ae000 	/usr/lib/system/libsystem_trace.dylib
0x00007fff653c5000 	/usr/lib/system/libunwind.dylib
0x00007fff653cb000 	/usr/lib/system/libxpc.dylib
0x00007fff62855000 	/usr/lib/libbsm.0.dylib
0x00007fff651bf000 	/usr/lib/system/libkxld.dylib
0x00007fff48991000 	/System/Library/PrivateFrameworks/AppleFSCompression.framework/Versions/A/AppleFSCompression
0x00007fff624d9000 	/usr/lib/libOpenScriptingUtil.dylib
0x00007fff62bb8000 	/usr/lib/libcoretls.dylib
0x00007fff62bcf000 	/usr/lib/libcoretls_cfhelpers.dylib
0x00007fff6485a000 	/usr/lib/libpam.2.dylib
0x00007fff64a1d000 	/usr/lib/libsqlite3.dylib
0x00007fff64e85000 	/usr/lib/libxar.1.dylib
0x00007fff62866000 	/usr/lib/libbz2.1.0.dylib
0x00007fff637e2000 	/usr/lib/liblzma.5.dylib
0x00007fff63cd8000 	/usr/lib/libnetwork.dylib
0x00007fff626b9000 	/usr/lib/libapple_nghttp2.dylib
0x00007fff64861000 	/usr/lib/libpcap.A.dylib
0x00007fff39730000 	/System/Library/Frameworks/CoreServices.framework/Versions/A/Frameworks/FSEvents.framework/Versions/A/FSEvents
0x00007fff3940c000 	/System/Library/Frameworks/CoreServices.framework/Versions/A/Frameworks/CarbonCore.framework/Versions/A/CarbonCore
0x00007fff39905000 	/System/Library/Frameworks/CoreServices.framework/Versions/A/Frameworks/Metadata.framework/Versions/A/Metadata
0x00007fff399a8000 	/System/Library/Frameworks/CoreServices.framework/Versions/A/Frameworks/OSServices.framework/Versions/A/OSServices
0x00007fff399f4000 	/System/Library/Frameworks/CoreServices.framework/Versions/A/Frameworks/SearchKit.framework/Versions/A/SearchKit
0x00007fff3938d000 	/System/Library/Frameworks/CoreServices.framework/Versions/A/Frameworks/AE.framework/Versions/A/AE
0x00007fff39739000 	/System/Library/Frameworks/CoreServices.framework/Versions/A/Frameworks/LaunchServices.framework/Versions/A/LaunchServices
0x00007fff396e5000 	/System/Library/Frameworks/CoreServices.framework/Versions/A/Frameworks/DictionaryServices.framework/Versions/A/DictionaryServices
0x00007fff39a63000 	/System/Library/Frameworks/CoreServices.framework/Versions/A/Frameworks/SharedFileList.framework/Versions/A/SharedFileList
0x00007fff3e1af000 	/System/Library/Frameworks/NetFS.framework/Versions/A/NetFS
0x00007fff57aad000 	/System/Library/PrivateFrameworks/NetAuth.framework/Versions/A/NetAuth
0x00007fff61ed5000 	/System/Library/PrivateFrameworks/login.framework/Versions/A/Frameworks/loginsupport.framework/Versions/A/loginsupport
0x00007fff5fef1000 	/System/Library/PrivateFrameworks/TCC.framework/Versions/A/TCC
0x00007fff4c687000 	/System/Library/PrivateFrameworks/CoreNLP.framework/Versions/A/CoreNLP
0x00007fff57502000 	/System/Library/PrivateFrameworks/MetadataUtilities.framework/Versions/A/MetadataUtilities
0x00007fff638c3000 	/usr/lib/libmecabra.dylib
0x00007fff364b9000 	/System/Library/Frameworks/ApplicationServices.framework/Versions/A/Frameworks/ATS.framework/Versions/A/ATS
0x00007fff36824000 	/System/Library/Frameworks/ApplicationServices.framework/Versions/A/Frameworks/ColorSyncLegacy.framework/Versions/A/ColorSyncLegacy
0x00007fff368c5000 	/System/Library/Frameworks/ApplicationServices.framework/Versions/A/Frameworks/HIServices.framework/Versions/A/HIServices
0x00007fff36918000 	/System/Library/Frameworks/ApplicationServices.framework/Versions/A/Frameworks/LangAnalysis.framework/Versions/A/LangAnalysis
0x00007fff36927000 	/System/Library/Frameworks/ApplicationServices.framework/Versions/A/Frameworks/PrintCore.framework/Versions/A/PrintCore
0x00007fff36974000 	/System/Library/Frameworks/ApplicationServices.framework/Versions/A/Frameworks/QD.framework/Versions/A/QD
0x00007fff369b0000 	/System/Library/Frameworks/ApplicationServices.framework/Versions/A/Frameworks/SpeechSynthesis.framework/Versions/A/SpeechSynthesis
0x00007fff628f5000 	/usr/lib/libcompression.dylib
0x00007fff37fe6000 	/System/Library/Frameworks/CoreDisplay.framework/Versions/A/CoreDisplay
0x00007fff3cfb0000 	/System/Library/Frameworks/MetalPerformanceShaders.framework/Versions/A/MetalPerformanceShaders
0x00007fff3441a000 	/System/Library/Frameworks/Accelerate.framework/Versions/A/Frameworks/vImage.framework/Versions/A/vImage
0x00007fff35496000 	/System/Library/Frameworks/Accelerate.framework/Versions/A/Frameworks/vecLib.framework/Versions/A/vecLib
0x00007fff353e0000 	/System/Library/Frameworks/Accelerate.framework/Versions/A/Frameworks/vecLib.framework/Versions/A/libvMisc.dylib
0x00007fff351fb000 	/System/Library/Frameworks/Accelerate.framework/Versions/A/Frameworks/vecLib.framework/Versions/A/libvDSP.dylib
0x00007fff34abb000 	/System/Library/Frameworks/Accelerate.framework/Versions/A/Frameworks/vecLib.framework/Versions/A/libBLAS.dylib
0x00007fff34da6000 	/System/Library/Frameworks/Accelerate.framework/Versions/A/Frameworks/vecLib.framework/Versions/A/libLAPACK.dylib
0x00007fff3514d000 	/System/Library/Frameworks/Accelerate.framework/Versions/A/Frameworks/vecLib.framework/Versions/A/libLinearAlgebra.dylib
0x00007fff351e7000 	/System/Library/Frameworks/Accelerate.framework/Versions/A/Frameworks/vecLib.framework/Versions/A/libSparseBLAS.dylib
0x00007fff35163000 	/System/Library/Frameworks/Accelerate.framework/Versions/A/Frameworks/vecLib.framework/Versions/A/libQuadrature.dylib
0x00007fff34d33000 	/System/Library/Frameworks/Accelerate.framework/Versions/A/Frameworks/vecLib.framework/Versions/A/libBNNS.dylib
0x00007fff35169000 	/System/Library/Frameworks/Accelerate.framework/Versions/A/Frameworks/vecLib.framework/Versions/A/libSparse.dylib
0x00007fff53b85000 	/System/Library/PrivateFrameworks/GPUWrangler.framework/Versions/A/GPUWrangler
0x00007fff55f2f000 	/System/Library/PrivateFrameworks/IOAccelerator.framework/Versions/A/IOAccelerator
0x00007fff55f3a000 	/System/Library/PrivateFrameworks/IOPresentment.framework/Versions/A/IOPresentment
0x00007fff4d46a000 	/System/Library/PrivateFrameworks/DSExternalDisplay.framework/Versions/A/DSExternalDisplay
0x00007fff41664000 	/System/Library/Frameworks/OpenGL.framework/Versions/A/Libraries/libCoreFSCache.dylib
0x00007fff3cda4000 	/System/Library/Frameworks/MetalPerformanceShaders.framework/Frameworks/MPSCore.framework/Versions/A/MPSCore
0x00007fff3cdc5000 	/System/Library/Frameworks/MetalPerformanceShaders.framework/Frameworks/MPSImage.framework/Versions/A/MPSImage
0x00007fff3ce6c000 	/System/Library/Frameworks/MetalPerformanceShaders.framework/Frameworks/MPSNeuralNetwork.framework/Versions/A/MPSNeuralNetwork
0x00007fff3ce43000 	/System/Library/Frameworks/MetalPerformanceShaders.framework/Frameworks/MPSMatrix.framework/Versions/A/MPSMatrix
0x00007fff3cf94000 	/System/Library/Frameworks/MetalPerformanceShaders.framework/Frameworks/MPSRayIntersector.framework/Versions/A/MPSRayIntersector
0x00007fff5752b000 	/System/Library/PrivateFrameworks/MetalTools.framework/Versions/A/MetalTools
0x00007fff4808d000 	/System/Library/PrivateFrameworks/AggregateDictionary.framework/Versions/A/AggregateDictionary
0x00007fff624b9000 	/usr/lib/libMobileGestalt.dylib
0x00007fff39f30000 	/System/Library/Frameworks/CoreVideo.framework/Versions/A/CoreVideo
0x00007fff549e9000 	/System/Library/PrivateFrameworks/GraphVisualizer.framework/Versions/A/GraphVisualizer
0x00007fff4e795000 	/System/Library/PrivateFrameworks/FaceCore.framework/Versions/A/FaceCore
0x00007fff40c7b000 	/System/Library/Frameworks/OpenCL.framework/Versions/A/OpenCL
0x00007fff622a0000 	/usr/lib/libFosl_dynamic.dylib
0x00007fff58382000 	/System/Library/PrivateFrameworks/OTSVG.framework/Versions/A/OTSVG
0x00007fff365bd000 	/System/Library/Frameworks/ApplicationServices.framework/Versions/A/Frameworks/ATS.framework/Versions/A/Resources/libFontParser.dylib
0x00007fff366dd000 	/System/Library/Frameworks/ApplicationServices.framework/Versions/A/Frameworks/ATS.framework/Versions/A/Resources/libFontRegistry.dylib
0x00007fff3aeb6000 	/System/Library/Frameworks/ImageIO.framework/Versions/A/Resources/libJPEG.dylib
0x00007fff3b1d8000 	/System/Library/Frameworks/ImageIO.framework/Versions/A/Resources/libTIFF.dylib
0x00007fff3b1ae000 	/System/Library/Frameworks/ImageIO.framework/Versions/A/Resources/libPng.dylib
0x00007fff3adcb000 	/System/Library/Frameworks/ImageIO.framework/Versions/A/Resources/libGIF.dylib
0x00007fff3add0000 	/System/Library/Frameworks/ImageIO.framework/Versions/A/Resources/libJP2.dylib
0x00007fff3b1d5000 	/System/Library/Frameworks/ImageIO.framework/Versions/A/Resources/libRadiance.dylib
0x00007fff48aea000 	/System/Library/PrivateFrameworks/AppleJPEG.framework/Versions/A/AppleJPEG
0x00007fff4166f000 	/System/Library/Frameworks/OpenGL.framework/Versions/A/Libraries/libGFXShared.dylib
0x00007fff41832000 	/System/Library/Frameworks/OpenGL.framework/Versions/A/Libraries/libGLU.dylib
0x00007fff41678000 	/System/Library/Frameworks/OpenGL.framework/Versions/A/Libraries/libGL.dylib
0x00007fff41684000 	/System/Library/Frameworks/OpenGL.framework/Versions/A/Libraries/libGLImage.dylib
0x00007fff41661000 	/System/Library/Frameworks/OpenGL.framework/Versions/A/Libraries/libCVMSPluginSupport.dylib
0x00007fff4166a000 	/System/Library/Frameworks/OpenGL.framework/Versions/A/Libraries/libCoreVMClient.dylib
0x00007fff63247000 	/usr/lib/libcups.2.dylib
0x00007fff3c2bc000 	/System/Library/Frameworks/Kerberos.framework/Versions/A/Kerberos
0x00007fff3a88e000 	/System/Library/Frameworks/GSS.framework/Versions/A/GSS
0x00007fff649b1000 	/usr/lib/libresolv.9.dylib
0x00007fff6343e000 	/usr/lib/libiconv.2.dylib
0x00007fff54adf000 	/System/Library/PrivateFrameworks/Heimdal.framework/Versions/A/Heimdal
0x00007fff6340d000 	/usr/lib/libheimdal-asn1.dylib
0x00007fff40cf2000 	/System/Library/Frameworks/OpenDirectory.framework/Versions/A/OpenDirectory
0x00007fff4b398000 	/System/Library/PrivateFrameworks/CommonAuth.framework/Versions/A/CommonAuth
0x00007fff40cd5000 	/System/Library/Frameworks/OpenDirectory.framework/Versions/A/Frameworks/CFOpenDirectory.framework/Versions/A/CFOpenDirectory
0x00007fff43e55000 	/System/Library/Frameworks/SecurityFoundation.framework/Versions/A/SecurityFoundation
0x00007fff475ac000 	/System/Library/PrivateFrameworks/APFS.framework/Versions/A/APFS
0x00007fff64e81000 	/usr/lib/libutil.dylib
0x00007fff628e3000 	/usr/lib/libcharset.1.dylib
0x00007fff48d83000 	/System/Library/PrivateFrameworks/AppleSauce.framework/Versions/A/AppleSauce
0x00007fff48f11000 	/System/Library/PrivateFrameworks/AssertionServices.framework/Versions/A/AssertionServices
0x00007fff49778000 	/System/Library/PrivateFrameworks/BaseBoard.framework/Versions/A/BaseBoard
0x00007fff63812000 	/usr/lib/libmecab.1.0.0.dylib
0x00007fff63407000 	/usr/lib/libgermantok.dylib
0x00007fff626a5000 	/usr/lib/libThaiTokenizer.dylib
0x00007fff621cc000 	/usr/lib/libChineseTokenizer.dylib
0x00007fff56662000 	/System/Library/PrivateFrameworks/LanguageModeling.framework/Versions/A/LanguageModeling
0x00007fff4c09e000 	/System/Library/PrivateFrameworks/CoreEmoji.framework/Versions/A/CoreEmoji
0x00007fff5675a000 	/System/Library/PrivateFrameworks/Lexicon.framework/Versions/A/Lexicon
0x00007fff567a2000 	/System/Library/PrivateFrameworks/LinguisticData.framework/Versions/A/LinguisticData
0x00007fff628e4000 	/usr/lib/libcmph.dylib
0x00007fff43f16000 	/System/Library/Frameworks/ServiceManagement.framework/Versions/A/ServiceManagement
0x00007fff496cb000 	/System/Library/PrivateFrameworks/BackgroundTaskManagement.framework/Versions/A/BackgroundTaskManagement
0x00007fff64f7b000 	/usr/lib/libxslt.1.dylib
0x00007fff376ac000 	/System/Library/Frameworks/Carbon.framework/Versions/A/Frameworks/Ink.framework/Versions/A/Ink
0x00007fff6016d000 	/System/Library/PrivateFrameworks/TextureIO.framework/Versions/A/TextureIO
0x00007fff626fa000 	/usr/lib/libate.dylib
0x00007fff4d3c6000 	/System/Library/PrivateFrameworks/CrashReporterSupport.framework/Versions/A/CrashReporterSupport
0x00007fff5d19d000 	/System/Library/PrivateFrameworks/Sharing.framework/Versions/A/Sharing
0x00007fff49257000 	/System/Library/PrivateFrameworks/AuthKit.framework/Versions/A/AuthKit
0x00007fff48689000 	/System/Library/PrivateFrameworks/Apple80211.framework/Versions/A/Apple80211
0x00007fff4d18c000 	/System/Library/PrivateFrameworks/CoreUtils.framework/Versions/A/CoreUtils
0x00007fff39f6e000 	/System/Library/Frameworks/CoreWLAN.framework/Versions/A/CoreWLAN
0x00007fff3a9d7000 	/System/Library/Frameworks/IOBluetooth.framework/Versions/A/IOBluetooth
0x00007fff5b503000 	/System/Library/PrivateFrameworks/ProtocolBuffer.framework/Versions/A/ProtocolBuffer
0x00007fff57768000 	/System/Library/PrivateFrameworks/MobileKeyBag.framework/Versions/A/MobileKeyBag
0x00007fff4c9b4000 	/System/Library/PrivateFrameworks/CorePhoneNumbers.framework/Versions/A/CorePhoneNumbers
0x00007fff48a9e000 	/System/Library/PrivateFrameworks/AppleIDAuthSupport.framework/Versions/A/AppleIDAuthSupport
0x00007fff56634000 	/System/Library/PrivateFrameworks/KeychainCircle.framework/Versions/A/KeychainCircle
0x00007fff5b6d0000 	/System/Library/PrivateFrameworks/ROCKit.framework/Versions/A/ROCKit
0x00007fff4d362000 	/System/Library/PrivateFrameworks/CoreWiFi.framework/Versions/A/CoreWiFi
0x00007fff37c19000 	/System/Library/Frameworks/CoreBluetooth.framework/Versions/A/CoreBluetooth
0x00007fff4d5b6000 	/System/Library/PrivateFrameworks/DebugSymbols.framework/Versions/A/DebugSymbols
0x00007fff4cf41000 	/System/Library/PrivateFrameworks/CoreSymbolication.framework/Versions/A/CoreSymbolication
0x00007fff5f95b000 	/System/Library/PrivateFrameworks/Symbolication.framework/Versions/A/Symbolication
0x00007fff5eaed000 	/System/Library/PrivateFrameworks/SpeechRecognitionCore.framework/Versions/A/SpeechRecognitionCore
0x0000000108dd8000 	/Library/Java/JavaVirtualMachines/jdk-11.jdk/Contents/Home/lib/server/libjvm.dylib
0x0000000109b56000 	/Library/Java/JavaVirtualMachines/jdk-11.jdk/Contents/Home/lib/libverify.dylib
0x0000000109b62000 	/Library/Java/JavaVirtualMachines/jdk-11.jdk/Contents/Home/lib/libjava.dylib
0x0000000109b92000 	/Library/Java/JavaVirtualMachines/jdk-11.jdk/Contents/Home/lib/libjdwp.dylib
0x0000000109bca000 	/Library/Java/JavaVirtualMachines/jdk-11.jdk/Contents/Home/lib/libinstrument.dylib
0x0000000109bf2000 	/Library/Java/JavaVirtualMachines/jdk-11.jdk/Contents/Home/lib/libzip.dylib
0x000000010a471000 	/Library/Java/JavaVirtualMachines/jdk-11.jdk/Contents/Home/lib/libjimage.dylib
0x00000001103cb000 	/Library/Java/JavaVirtualMachines/jdk-11.jdk/Contents/Home/lib/libdt_socket.dylib
0x00000001103d1000 	/Library/Java/JavaVirtualMachines/jdk-11.jdk/Contents/Home/lib/libnio.dylib
0x00000001103df000 	/Library/Java/JavaVirtualMachines/jdk-11.jdk/Contents/Home/lib/./libnet.dylib


VM Arguments:
jvm_args: -agentlib:jdwp=transport=dt_socket,address=127.0.0.1:57582,suspend=y,server=n -javaagent:/Users/god_tm/Library/Caches/IntelliJIdea2018.2/captureAgent/debugger-agent.jar=file:/private/var/folders/ft/mltc1gwd2fs84xt9ktx5jbq80000gn/T/capture.props -Dfile.encoding=UTF-8 
java_command: CodeForcesSolutions.Taxi158B
java_class_path (initial): /Users/god_tm/Documents/GitHub/CompetitiveCoding/out/production/CompetitiveCoding:/Applications/IDES/IntelliJ IDEA.app/Contents/lib/idea_rt.jar
Launcher Type: SUN_STANDARD

[Global flags]
     intx CICompilerCount                          = 3                                         {product} {ergonomic}
     uint ConcGCThreads                            = 1                                         {product} {ergonomic}
     uint G1ConcRefinementThreads                  = 4                                         {product} {ergonomic}
   size_t G1HeapRegionSize                         = 1048576                                   {product} {ergonomic}
    uintx GCDrainStackTargetSize                   = 64                                        {product} {ergonomic}
   size_t InitialHeapSize                          = 134217728                                 {product} {ergonomic}
   size_t MarkStackSize                            = 4194304                                   {product} {ergonomic}
   size_t MaxHeapSize                              = 2147483648                                {product} {ergonomic}
   size_t MaxNewSize                               = 1287651328                                {product} {ergonomic}
   size_t MinHeapDeltaBytes                        = 1048576                                   {product} {ergonomic}
    uintx NonNMethodCodeHeapSize                   = 5830092                                {pd product} {ergonomic}
    uintx NonProfiledCodeHeapSize                  = 122914074                              {pd product} {ergonomic}
    uintx ProfiledCodeHeapSize                     = 122914074                              {pd product} {ergonomic}
    uintx ReservedCodeCacheSize                    = 251658240                              {pd product} {ergonomic}
     bool SegmentedCodeCache                       = true                                      {product} {ergonomic}
     bool UseCompressedClassPointers               = true                                 {lp64_product} {ergonomic}
     bool UseCompressedOops                        = true                                 {lp64_product} {ergonomic}
     bool UseG1GC                                  = true                                      {product} {ergonomic}

Logging:
Log output configuration:
 #0: stdout all=warning uptime,level,tags
 #1: stderr all=off uptime,level,tags

Environment Variables:
PATH=/usr/local/bin:/usr/bin:/bin:/usr/sbin:/sbin:/Applications/VMware Fusion.app/Contents/Public
SHELL=/bin/zsh

Signal Handlers:
SIGSEGV: [libjvm.dylib+0x752794], sa_mask[0]=11111111011111110111111111111111, sa_flags=SA_ONSTACK|SA_RESTART|SA_SIGINFO
SIGBUS: [libjvm.dylib+0x752794], sa_mask[0]=11111111011111110111111111111111, sa_flags=SA_RESTART|SA_SIGINFO
SIGFPE: [libjvm.dylib+0x752794], sa_mask[0]=11111111011111110111111111111111, sa_flags=SA_RESTART|SA_SIGINFO
SIGPIPE: [libjvm.dylib+0x602d52], sa_mask[0]=11111111011111110111111111111111, sa_flags=SA_RESTART|SA_SIGINFO
SIGXFSZ: [libjvm.dylib+0x602d52], sa_mask[0]=11111111011111110111111111111111, sa_flags=SA_RESTART|SA_SIGINFO
SIGILL: [libjvm.dylib+0x752794], sa_mask[0]=11111111011111110111111111111111, sa_flags=SA_RESTART|SA_SIGINFO
SIGUSR2: [libjvm.dylib+0x603337], sa_mask[0]=00100000000000000000000000000000, sa_flags=SA_RESTART|SA_SIGINFO
SIGHUP: [libjvm.dylib+0x601d93], sa_mask[0]=11111111011111110111111111111111, sa_flags=SA_RESTART|SA_SIGINFO
SIGINT: [libjvm.dylib+0x601d93], sa_mask[0]=11111111011111110111111111111111, sa_flags=SA_RESTART|SA_SIGINFO
SIGTERM: [libjvm.dylib+0x601d93], sa_mask[0]=11111111011111110111111111111111, sa_flags=SA_RESTART|SA_SIGINFO
SIGQUIT: [libjvm.dylib+0x601d93], sa_mask[0]=11111111011111110111111111111111, sa_flags=SA_RESTART|SA_SIGINFO


---------------  S Y S T E M  ---------------

OS:uname:Darwin 18.0.0 Darwin Kernel Version 18.0.0: Wed Aug 22 20:13:40 PDT 2018; root:xnu-4903.201.2~1/RELEASE_X86_64 x86_64
rlimit: STACK 8192k, CORE 0k, NPROC 709, NOFILE 10240, AS infinity, DATA infinity, FSIZE infinity
load average:9.81 6.26 5.95

CPU:total 4 (initial active 4) (2 cores per cpu, 2 threads per core) family 6 model 142 stepping 9, cmov, cx8, fxsr, mmx, sse, sse2, sse3, ssse3, sse4.1, sse4.2, popcnt, avx, avx2, aes, clmul, erms, 3dnowpref, lzcnt, ht, tsc, tscinvbit, bmi1, bmi2, adx, fma

Memory: 4k page, physical 8388608k(361472k free)

vm_info: Java HotSpot(TM) 64-Bit Server VM (11+28) for bsd-amd64 JRE (11+28), built on Aug 23 2018 01:55:41 by "mach5one" with gcc 4.2.1 Compatible Apple LLVM 9.1.0 (clang-902.0.39.2)

END.
